<?xml version="1.0" encoding="UTF-8"?>
<testng-results ignored="0" total="1" passed="1" failed="0" skipped="0">
  <reporter-output>
  </reporter-output>
  <suite started-at="2022-11-17T15:59:09 IST" name="Suite" finished-at="2022-11-17T15:59:52 IST" duration-ms="42615">
    <groups>
    </groups>
    <test started-at="2022-11-17T15:59:09 IST" name="Test" finished-at="2022-11-17T15:59:52 IST" duration-ms="42615">
      <class name="com.saucedemo.testcase.CompliteTextTest">
        <test-method is-config="true" signature="setup()[pri:0, instance:com.saucedemo.testcase.CompliteTextTest@74e28667]" started-at="2022-11-17T15:59:09 IST" name="setup" finished-at="2022-11-17T15:59:18 IST" duration-ms="8698" status="PASS">
          <reporter-output>
          </reporter-output>
        </test-method> <!-- setup -->
        <test-method signature="AllTest()[pri:0, instance:com.saucedemo.testcase.CompliteTextTest@74e28667]" started-at="2022-11-17T15:59:18 IST" name="AllTest" finished-at="2022-11-17T15:59:51 IST" duration-ms="33070" status="PASS">
          <reporter-output>
          </reporter-output>
        </test-method> <!-- AllTest -->
        <test-method is-config="true" signature="teardown()[pri:0, instance:com.saucedemo.testcase.CompliteTextTest@74e28667]" started-at="2022-11-17T15:59:51 IST" name="teardown" finished-at="2022-11-17T15:59:52 IST" duration-ms="293" status="PASS">
          <reporter-output>
          </reporter-output>
        </test-method> <!-- teardown -->
      </class> <!-- com.saucedemo.testcase.CompliteTextTest -->
    </test> <!-- Test -->
  </suite> <!-- Suite -->
</testng-results>
