<?xml version="1.0" encoding="UTF-8"?>
<testng-results ignored="0" total="1" passed="1" failed="0" skipped="0">
  <reporter-output>
  </reporter-output>
  <suite started-at="2022-11-17T12:18:12 IST" name="Suite" finished-at="2022-11-17T12:18:59 IST" duration-ms="47500">
    <groups>
    </groups>
    <test started-at="2022-11-17T12:18:12 IST" name="Test" finished-at="2022-11-17T12:18:59 IST" duration-ms="47500">
      <class name="com.saucedemo.testcase.CompliteTextTest">
        <test-method is-config="true" signature="setup()[pri:0, instance:com.saucedemo.testcase.CompliteTextTest@7e07db1f]" started-at="2022-11-17T12:18:13 IST" name="setup" finished-at="2022-11-17T12:18:29 IST" duration-ms="15823" status="PASS">
          <reporter-output>
          </reporter-output>
        </test-method> <!-- setup -->
        <test-method signature="AllTest()[pri:0, instance:com.saucedemo.testcase.CompliteTextTest@7e07db1f]" started-at="2022-11-17T12:18:29 IST" name="AllTest" finished-at="2022-11-17T12:18:59 IST" duration-ms="29886" status="PASS">
          <reporter-output>
          </reporter-output>
        </test-method> <!-- AllTest -->
        <test-method is-config="true" signature="teardown()[pri:0, instance:com.saucedemo.testcase.CompliteTextTest@7e07db1f]" started-at="2022-11-17T12:18:59 IST" name="teardown" finished-at="2022-11-17T12:18:59 IST" duration-ms="485" status="PASS">
          <reporter-output>
          </reporter-output>
        </test-method> <!-- teardown -->
      </class> <!-- com.saucedemo.testcase.CompliteTextTest -->
    </test> <!-- Test -->
  </suite> <!-- Suite -->
</testng-results>
